<?xml version="1.0" encoding="UTF-8" ?>
<testsuites>
  <testsuite errors="2" failures="0" hostname="PC-RSY-1" id="0" name="MyFirstWebDriverTest" package="tests" skipped="0" tests="2" time="0.059" timestamp="2017-10-12T10:02:27">
      <properties>
[...]
</properties>

      <testcase classname="tests.MyFirstWebDriverTest" name="initializationError" time="0.0">
          <error message="Method setUp() should not be static" type="java.lang.Exception">java.lang.Exception: Method setUp() should not be static
	at java.lang.reflect.Constructor.newInstance(Unknown Source)
</error>

          <error message="Method testIDEVerificationScriptJUnit4() should not be static" type="java.lang.Exception">java.lang.Exception: Method testIDEVerificationScriptJUnit4() should not be static
	at java.lang.reflect.Constructor.newInstance(Unknown Source)
</error>

      </testcase>

      <system-out><![CDATA[]]></system-out>

      <system-err><![CDATA[]]></system-err>

  </testsuite>
</testsuites>
